
Showing logs for build [32mcb-kubecd-environment-pr-205-11-2zflp-1[0m stage [32mfrom-build-pack[0m and container [32mstep-credential-initializer-d2jrf[0m
{"level":"info","ts":1587389367.4436147,"logger":"fallback-logger","caller":"logging/config.go:69","msg":"Fetch GitHub commit ID from kodata failed: open /var/run/ko/refs/heads/0.8.0-ns-support: no such file or directory"}
{"level":"info","ts":1587389367.4444528,"logger":"fallback-logger","caller":"creds-init/main.go:40","msg":"Credentials initialized."}

Showing logs for build [32mcb-kubecd-environment-pr-205-11-2zflp-1[0m stage [32mfrom-build-pack[0m and container [32mstep-working-dir-initializer-pb2bv[0m
{"level":"info","ts":1587389368.8541002,"logger":"fallback-logger","caller":"logging/config.go:69","msg":"Fetch GitHub commit ID from kodata failed: open /var/run/ko/HEAD: no such file or directory"}
{"level":"info","ts":1587389368.8567147,"logger":"fallback-logger","caller":"bash/main.go:64","msg":"Successfully executed command \"sh -c mkdir -p /workspace/source\"; output "}

Showing logs for build [32mcb-kubecd-environment-pr-205-11-2zflp-1[0m stage [32mfrom-build-pack[0m and container [32mstep-place-tools[0m

Showing logs for build [32mcb-kubecd-environment-pr-205-11-2zflp-1[0m stage [32mfrom-build-pack[0m and container [32mstep-git-source-cb-kubecd-environment-pr-205-11-2zflp-sqvdq[0m
{"level":"info","ts":1587389371.9973543,"logger":"fallback-logger","caller":"logging/config.go:69","msg":"Fetch GitHub commit ID from kodata failed: open /var/run/ko/refs/heads/0.8.0-ns-support: no such file or directory"}
{"level":"info","ts":1587389373.1421893,"logger":"fallback-logger","caller":"git/git.go:103","msg":"Successfully cloned https://github.com/cb-kubecd/environment-pr-205-118-boot-vault-gke-staging.git @ master in path /workspace/source"}

Showing logs for build [32mcb-kubecd-environment-pr-205-11-2zflp-1[0m stage [32mfrom-build-pack[0m and container [32mstep-git-merge[0m
Using SHAs from PULL_REFS=master:781b6b75ec505a609ace53b3bba05d9bcf9c82cd,3:ab03c0e37dd59bc35fa05ccc8276de0b36bd5764
DEBUG: LC_ALL=C JX_LOG_LEVEL=error git fetch origin --unshallow ab03c0e37dd59bc35fa05ccc8276de0b36bd5764: 781b6b75ec505a609ace53b3bba05d9bcf9c82cd:
DEBUG: ran git fetch --unshallow origin ab03c0e37dd59bc35fa05ccc8276de0b36bd5764: 781b6b75ec505a609ace53b3bba05d9bcf9c82cd: in 
DEBUG: LC_ALL=C JX_LOG_LEVEL=error git branch
DEBUG: LC_ALL=C JX_LOG_LEVEL=error git checkout master
DEBUG: ran git checkout master in 
DEBUG: LC_ALL=C JX_LOG_LEVEL=error git reset --hard 781b6b75ec505a609ace53b3bba05d9bcf9c82cd
DEBUG: ran git reset --hard 781b6b75ec505a609ace53b3bba05d9bcf9c82cd in 
DEBUG: LC_ALL=C JX_LOG_LEVEL=error git clean -fd .
DEBUG: ran clean --force -d . in 
DEBUG: LC_ALL=C JX_LOG_LEVEL=error git merge ab03c0e37dd59bc35fa05ccc8276de0b36bd5764
DEBUG: ran git merge ab03c0e37dd59bc35fa05ccc8276de0b36bd5764 in 
DEBUG: LC_ALL=C JX_LOG_LEVEL=error git log --format=%H%x1f%an%x1f%ae%x1f%cn%x1f%ce%x1f%s%n%b%x1e 781b6b75ec505a609ace53b3bba05d9bcf9c82cd..HEAD
Merged SHA ab03c0e37dd59bc35fa05ccc8276de0b36bd5764 with commit message 'chore: Promote bdd-gh-1587388134 to version 0.0.1' into base branch master

Showing logs for build [32mcb-kubecd-environment-pr-205-11-2zflp-1[0m stage [32mfrom-build-pack[0m and container [32mstep-build-helm-build[0m
WARNING: No $CHART_REPOSITORY defined so using the default value of: http://jenkins-x-chartmuseum:8080
Adding missing Helm repo: storage.googleapis.com https://storage.googleapis.com/chartmuseum.jenkins-x.io
WARNING: No secrets found on "helm/repos" due: reading the secret "helm/repos" from vault: no secret "helm/repos" not found in vault
Read credentials for https://storage.googleapis.com/chartmuseum.jenkins-x.io from vault helm/repos
Successfully added Helm repository storage.googleapis.com.
Adding missing Helm repo: jenkins-x-chartmuseum http://jenkins-x-chartmuseum:8080
WARNING: No secrets found on "helm/repos" due: reading the secret "helm/repos" from vault: no secret "helm/repos" not found in vault
Read credentials for http://jenkins-x-chartmuseum:8080 from vault helm/repos
Successfully added Helm repository jenkins-x-chartmuseum.
WARNING: No $CHART_REPOSITORY defined so using the default value of: http://jenkins-x-chartmuseum:8080
Adding missing Helm repo: chartmuseum.jenkins-x.io http://chartmuseum.jenkins-x.io
WARNING: No secrets found on "helm/repos" due: reading the secret "helm/repos" from vault: no secret "helm/repos" not found in vault
Read credentials for http://chartmuseum.jenkins-x.io from vault helm/repos
Successfully added Helm repository chartmuseum.jenkins-x.io.
