
Showing logs for build [32mcb-kubecd-environment-pr-205-11-5qmvd-1[0m stage [32mfrom-build-pack[0m and container [32mstep-credential-initializer-4fhsm[0m
{"level":"info","ts":1587388464.2386818,"logger":"fallback-logger","caller":"logging/config.go:69","msg":"Fetch GitHub commit ID from kodata failed: open /var/run/ko/refs/heads/0.8.0-ns-support: no such file or directory"}
{"level":"info","ts":1587388464.2401016,"logger":"fallback-logger","caller":"creds-init/main.go:40","msg":"Credentials initialized."}

Showing logs for build [32mcb-kubecd-environment-pr-205-11-5qmvd-1[0m stage [32mfrom-build-pack[0m and container [32mstep-working-dir-initializer-9wp5m[0m
{"level":"info","ts":1587388465.0590475,"logger":"fallback-logger","caller":"logging/config.go:69","msg":"Fetch GitHub commit ID from kodata failed: open /var/run/ko/HEAD: no such file or directory"}
{"level":"info","ts":1587388465.0625875,"logger":"fallback-logger","caller":"bash/main.go:64","msg":"Successfully executed command \"sh -c mkdir -p /workspace/source\"; output "}

Showing logs for build [32mcb-kubecd-environment-pr-205-11-5qmvd-1[0m stage [32mfrom-build-pack[0m and container [32mstep-place-tools[0m

Showing logs for build [32mcb-kubecd-environment-pr-205-11-5qmvd-1[0m stage [32mfrom-build-pack[0m and container [32mstep-git-source-cb-kubecd-environment-pr-205-11-5qmvd-vfqbs[0m
{"level":"info","ts":1587388471.1316874,"logger":"fallback-logger","caller":"logging/config.go:69","msg":"Fetch GitHub commit ID from kodata failed: open /var/run/ko/refs/heads/0.8.0-ns-support: no such file or directory"}
{"level":"info","ts":1587388472.2361753,"logger":"fallback-logger","caller":"git/git.go:103","msg":"Successfully cloned https://github.com/cb-kubecd/environment-pr-205-118-boot-vault-gke-staging.git @ master in path /workspace/source"}

Showing logs for build [32mcb-kubecd-environment-pr-205-11-5qmvd-1[0m stage [32mfrom-build-pack[0m and container [32mstep-git-merge[0m
Using SHAs from PULL_REFS=master:e9cb8886f995fb2e03cdcf1a804b7c58105c81bf,2:e4e56d08b7ba0e2564fab175caecb2441316236b
DEBUG: LC_ALL=C JX_LOG_LEVEL=error git fetch origin --unshallow e4e56d08b7ba0e2564fab175caecb2441316236b: e9cb8886f995fb2e03cdcf1a804b7c58105c81bf:
DEBUG: ran git fetch --unshallow origin e4e56d08b7ba0e2564fab175caecb2441316236b: e9cb8886f995fb2e03cdcf1a804b7c58105c81bf: in 
DEBUG: LC_ALL=C JX_LOG_LEVEL=error git branch
DEBUG: JX_LOG_LEVEL=error LC_ALL=C git checkout master
DEBUG: ran git checkout master in 
DEBUG: LC_ALL=C JX_LOG_LEVEL=error git reset --hard e9cb8886f995fb2e03cdcf1a804b7c58105c81bf
DEBUG: ran git reset --hard e9cb8886f995fb2e03cdcf1a804b7c58105c81bf in 
DEBUG: LC_ALL=C JX_LOG_LEVEL=error git clean -fd .
DEBUG: ran clean --force -d . in 
DEBUG: LC_ALL=C JX_LOG_LEVEL=error git merge e4e56d08b7ba0e2564fab175caecb2441316236b
DEBUG: ran git merge e4e56d08b7ba0e2564fab175caecb2441316236b in 
DEBUG: LC_ALL=C JX_LOG_LEVEL=error git log --format=%H%x1f%an%x1f%ae%x1f%cn%x1f%ce%x1f%s%n%b%x1e e9cb8886f995fb2e03cdcf1a804b7c58105c81bf..HEAD
Merged SHA e4e56d08b7ba0e2564fab175caecb2441316236b with commit message 'chore: Promote bdd-nh-1587388134 to version 0.0.1' into base branch master

Showing logs for build [32mcb-kubecd-environment-pr-205-11-5qmvd-1[0m stage [32mfrom-build-pack[0m and container [32mstep-build-helm-build[0m
WARNING: No $CHART_REPOSITORY defined so using the default value of: http://jenkins-x-chartmuseum:8080
Adding missing Helm repo: storage.googleapis.com https://storage.googleapis.com/chartmuseum.jenkins-x.io
WARNING: No secrets found on "helm/repos" due: reading the secret "helm/repos" from vault: no secret "helm/repos" not found in vault
Read credentials for https://storage.googleapis.com/chartmuseum.jenkins-x.io from vault helm/repos
Successfully added Helm repository storage.googleapis.com.
Adding missing Helm repo: jenkins-x-chartmuseum http://jenkins-x-chartmuseum:8080
WARNING: No secrets found on "helm/repos" due: reading the secret "helm/repos" from vault: no secret "helm/repos" not found in vault
Read credentials for http://jenkins-x-chartmuseum:8080 from vault helm/repos
Successfully added Helm repository jenkins-x-chartmuseum.
WARNING: No $CHART_REPOSITORY defined so using the default value of: http://jenkins-x-chartmuseum:8080
Adding missing Helm repo: chartmuseum.jenkins-x.io http://chartmuseum.jenkins-x.io
WARNING: No secrets found on "helm/repos" due: reading the secret "helm/repos" from vault: no secret "helm/repos" not found in vault
Read credentials for http://chartmuseum.jenkins-x.io from vault helm/repos
Successfully added Helm repository chartmuseum.jenkins-x.io.
