
Showing logs for build [32mcb-kubecd-environment-pr-205-11-fl79l-1[0m stage [32mfrom-build-pack[0m and container [32mstep-credential-initializer-96ljw[0m
{"level":"info","ts":1587390368.902445,"logger":"fallback-logger","caller":"logging/config.go:69","msg":"Fetch GitHub commit ID from kodata failed: open /var/run/ko/refs/heads/0.8.0-ns-support: no such file or directory"}
{"level":"info","ts":1587390368.9058127,"logger":"fallback-logger","caller":"creds-init/main.go:40","msg":"Credentials initialized."}

Showing logs for build [32mcb-kubecd-environment-pr-205-11-fl79l-1[0m stage [32mfrom-build-pack[0m and container [32mstep-working-dir-initializer-rslbr[0m
{"level":"info","ts":1587390370.0124109,"logger":"fallback-logger","caller":"logging/config.go:69","msg":"Fetch GitHub commit ID from kodata failed: open /var/run/ko/HEAD: no such file or directory"}
{"level":"info","ts":1587390370.0145373,"logger":"fallback-logger","caller":"bash/main.go:64","msg":"Successfully executed command \"sh -c mkdir -p /workspace/source\"; output "}

Showing logs for build [32mcb-kubecd-environment-pr-205-11-fl79l-1[0m stage [32mfrom-build-pack[0m and container [32mstep-place-tools[0m

Showing logs for build [32mcb-kubecd-environment-pr-205-11-fl79l-1[0m stage [32mfrom-build-pack[0m and container [32mstep-git-source-cb-kubecd-environment-pr-205-11-fl79l-j4vrb[0m
{"level":"info","ts":1587390376.3239563,"logger":"fallback-logger","caller":"logging/config.go:69","msg":"Fetch GitHub commit ID from kodata failed: open /var/run/ko/refs/heads/0.8.0-ns-support: no such file or directory"}
{"level":"info","ts":1587390377.4904785,"logger":"fallback-logger","caller":"git/git.go:103","msg":"Successfully cloned https://github.com/cb-kubecd/environment-pr-205-118-boot-vault-gke-staging.git @ master in path /workspace/source"}

Showing logs for build [32mcb-kubecd-environment-pr-205-11-fl79l-1[0m stage [32mfrom-build-pack[0m and container [32mstep-git-merge[0m
Using SHAs from PULL_REFS=master:2386406fe2e5800144259fb418794632f2a3f8b4,4:b733d84872f4ccbfaba5f68905d61d5f8d62ad8d
DEBUG: LC_ALL=C JX_LOG_LEVEL=error git fetch origin --unshallow b733d84872f4ccbfaba5f68905d61d5f8d62ad8d: 2386406fe2e5800144259fb418794632f2a3f8b4:
DEBUG: ran git fetch --unshallow origin b733d84872f4ccbfaba5f68905d61d5f8d62ad8d: 2386406fe2e5800144259fb418794632f2a3f8b4: in 
DEBUG: LC_ALL=C JX_LOG_LEVEL=error git branch
DEBUG: LC_ALL=C JX_LOG_LEVEL=error git checkout master
DEBUG: ran git checkout master in 
DEBUG: LC_ALL=C JX_LOG_LEVEL=error git reset --hard 2386406fe2e5800144259fb418794632f2a3f8b4
DEBUG: ran git reset --hard 2386406fe2e5800144259fb418794632f2a3f8b4 in 
DEBUG: LC_ALL=C JX_LOG_LEVEL=error git clean -fd .
DEBUG: ran clean --force -d . in 
DEBUG: LC_ALL=C JX_LOG_LEVEL=error git merge b733d84872f4ccbfaba5f68905d61d5f8d62ad8d
DEBUG: ran git merge b733d84872f4ccbfaba5f68905d61d5f8d62ad8d in 
DEBUG: LC_ALL=C JX_LOG_LEVEL=error git log --format=%H%x1f%an%x1f%ae%x1f%cn%x1f%ce%x1f%s%n%b%x1e 2386406fe2e5800144259fb418794632f2a3f8b4..HEAD
Merged SHA b733d84872f4ccbfaba5f68905d61d5f8d62ad8d with commit message 'chore: Promote bdd-sbhg-1587388134 to version 0.0.1' into base branch master

Showing logs for build [32mcb-kubecd-environment-pr-205-11-fl79l-1[0m stage [32mfrom-build-pack[0m and container [32mstep-build-helm-build[0m
WARNING: No $CHART_REPOSITORY defined so using the default value of: http://jenkins-x-chartmuseum:8080
Adding missing Helm repo: storage.googleapis.com https://storage.googleapis.com/chartmuseum.jenkins-x.io
WARNING: No secrets found on "helm/repos" due: reading the secret "helm/repos" from vault: no secret "helm/repos" not found in vault
Read credentials for https://storage.googleapis.com/chartmuseum.jenkins-x.io from vault helm/repos
Successfully added Helm repository storage.googleapis.com.
Adding missing Helm repo: jenkins-x-chartmuseum http://jenkins-x-chartmuseum:8080
WARNING: No secrets found on "helm/repos" due: reading the secret "helm/repos" from vault: no secret "helm/repos" not found in vault
Read credentials for http://jenkins-x-chartmuseum:8080 from vault helm/repos
Successfully added Helm repository jenkins-x-chartmuseum.
WARNING: No $CHART_REPOSITORY defined so using the default value of: http://jenkins-x-chartmuseum:8080
Adding missing Helm repo: chartmuseum.jenkins-x.io http://chartmuseum.jenkins-x.io
WARNING: No secrets found on "helm/repos" due: reading the secret "helm/repos" from vault: no secret "helm/repos" not found in vault
Read credentials for http://chartmuseum.jenkins-x.io from vault helm/repos
Successfully added Helm repository chartmuseum.jenkins-x.io.
